{"src\\js\\concat\\lego-ipsum.js":{"path":"src\\js\\concat\\lego-ipsum.js","s":{"1":1,"2":1,"3":1,"4":1,"5":0,"6":0,"7":0,"8":1,"9":1,"10":1,"11":1,"12":1,"13":0,"14":1,"15":0,"16":0,"17":0,"18":0,"19":0,"20":0,"21":0,"22":0,"23":0,"24":0,"25":0,"26":0,"27":0,"28":0,"29":0,"30":0,"31":0,"32":1,"33":0,"34":0,"35":0,"36":0,"37":0,"38":0,"39":0,"40":0,"41":0,"42":0,"43":0,"44":0,"45":0,"46":0,"47":0,"48":0,"49":0,"50":0,"51":0,"52":0,"53":0,"54":0,"55":0,"56":0,"57":0,"58":0,"59":0,"60":0,"61":0,"62":0,"63":0,"64":1,"65":0,"66":0,"67":0,"68":0,"69":0,"70":0,"71":0,"72":0,"73":0},"b":{"1":[0,0,0],"2":[0,0],"3":[0,0],"4":[0,0],"5":[0,0],"6":[0,0],"7":[0,0],"8":[0,0],"9":[0,0],"10":[0,0],"11":[0,0],"12":[0,0],"13":[0,1],"14":[0,0]},"f":{"1":1,"2":1,"3":0,"4":0,"5":0,"6":0,"7":0,"8":0,"9":0,"10":0},"fnMap":{"1":{"name":"(anonymous_1)","line":5,"loc":{"start":{"line":5,"column":2},"end":{"line":5,"column":13}}},"2":{"name":"(anonymous_2)","line":10,"loc":{"start":{"line":10,"column":1},"end":{"line":10,"column":12}}},"3":{"name":"(anonymous_3)","line":13,"loc":{"start":{"line":13,"column":12},"end":{"line":13,"column":23}}},"4":{"name":"(anonymous_4)","line":41,"loc":{"start":{"line":41,"column":32},"end":{"line":41,"column":52}}},"5":{"name":"(anonymous_5)","line":45,"loc":{"start":{"line":45,"column":33},"end":{"line":45,"column":55}}},"6":{"name":"(anonymous_6)","line":75,"loc":{"start":{"line":75,"column":34},"end":{"line":75,"column":52}}},"7":{"name":"(anonymous_7)","line":128,"loc":{"start":{"line":128,"column":9},"end":{"line":128,"column":21}}},"8":{"name":"(anonymous_8)","line":129,"loc":{"start":{"line":129,"column":25},"end":{"line":129,"column":36}}},"9":{"name":"(anonymous_9)","line":130,"loc":{"start":{"line":130,"column":29},"end":{"line":130,"column":40}}},"10":{"name":"(anonymous_10)","line":140,"loc":{"start":{"line":140,"column":30},"end":{"line":140,"column":41}}}},"statementMap":{"1":{"start":{"line":5,"column":1},"end":{"line":147,"column":5}},"2":{"start":{"line":9,"column":0},"end":{"line":9,"column":10}},"3":{"start":{"line":10,"column":0},"end":{"line":146,"column":5}},"4":{"start":{"line":13,"column":4},"end":{"line":18,"column":6}},"5":{"start":{"line":15,"column":8},"end":{"line":15,"column":25}},"6":{"start":{"line":16,"column":8},"end":{"line":16,"column":26}},"7":{"start":{"line":17,"column":8},"end":{"line":17,"column":25}},"8":{"start":{"line":20,"column":4},"end":{"line":20,"column":20}},"9":{"start":{"line":21,"column":4},"end":{"line":21,"column":19}},"10":{"start":{"line":22,"column":4},"end":{"line":26,"column":6}},"11":{"start":{"line":28,"column":4},"end":{"line":39,"column":6}},"12":{"start":{"line":41,"column":4},"end":{"line":43,"column":6}},"13":{"start":{"line":42,"column":8},"end":{"line":42,"column":65}},"14":{"start":{"line":45,"column":4},"end":{"line":74,"column":6}},"15":{"start":{"line":46,"column":8},"end":{"line":73,"column":9}},"16":{"start":{"line":49,"column":16},"end":{"line":49,"column":36}},"17":{"start":{"line":50,"column":16},"end":{"line":54,"column":17}},"18":{"start":{"line":51,"column":20},"end":{"line":51,"column":65}},"19":{"start":{"line":52,"column":20},"end":{"line":52,"column":90}},"20":{"start":{"line":53,"column":20},"end":{"line":53,"column":60}},"21":{"start":{"line":55,"column":16},"end":{"line":55,"column":45}},"22":{"start":{"line":58,"column":16},"end":{"line":58,"column":35}},"23":{"start":{"line":59,"column":16},"end":{"line":66,"column":17}},"24":{"start":{"line":60,"column":20},"end":{"line":60,"column":63}},"25":{"start":{"line":61,"column":20},"end":{"line":61,"column":92}},"26":{"start":{"line":62,"column":20},"end":{"line":62,"column":88}},"27":{"start":{"line":63,"column":20},"end":{"line":63,"column":51}},"28":{"start":{"line":65,"column":20},"end":{"line":65,"column":45}},"29":{"start":{"line":67,"column":16},"end":{"line":67,"column":81}},"30":{"start":{"line":70,"column":16},"end":{"line":70,"column":82}},"31":{"start":{"line":72,"column":16},"end":{"line":72,"column":103}},"32":{"start":{"line":75,"column":4},"end":{"line":124,"column":6}},"33":{"start":{"line":77,"column":8},"end":{"line":77,"column":23}},"34":{"start":{"line":78,"column":8},"end":{"line":78,"column":24}},"35":{"start":{"line":80,"column":8},"end":{"line":85,"column":9}},"36":{"start":{"line":81,"column":12},"end":{"line":81,"column":66}},"37":{"start":{"line":82,"column":12},"end":{"line":82,"column":88}},"38":{"start":{"line":84,"column":12},"end":{"line":84,"column":41}},"39":{"start":{"line":87,"column":8},"end":{"line":95,"column":9}},"40":{"start":{"line":88,"column":12},"end":{"line":88,"column":40}},"41":{"start":{"line":90,"column":13},"end":{"line":95,"column":9}},"42":{"start":{"line":91,"column":12},"end":{"line":91,"column":39}},"43":{"start":{"line":93,"column":13},"end":{"line":95,"column":9}},"44":{"start":{"line":94,"column":12},"end":{"line":94,"column":35}},"45":{"start":{"line":97,"column":8},"end":{"line":97,"column":49}},"46":{"start":{"line":98,"column":8},"end":{"line":98,"column":32}},"47":{"start":{"line":100,"column":8},"end":{"line":120,"column":9}},"48":{"start":{"line":101,"column":12},"end":{"line":119,"column":13}},"49":{"start":{"line":102,"column":16},"end":{"line":102,"column":43}},"50":{"start":{"line":103,"column":17},"end":{"line":119,"column":13}},"51":{"start":{"line":105,"column":16},"end":{"line":105,"column":30}},"52":{"start":{"line":106,"column":16},"end":{"line":106,"column":52}},"53":{"start":{"line":107,"column":16},"end":{"line":110,"column":17}},"54":{"start":{"line":108,"column":20},"end":{"line":108,"column":33}},"55":{"start":{"line":109,"column":20},"end":{"line":109,"column":36}},"56":{"start":{"line":111,"column":16},"end":{"line":112,"column":64}},"57":{"start":{"line":112,"column":20},"end":{"line":112,"column":64}},"58":{"start":{"line":114,"column":16},"end":{"line":115,"column":65}},"59":{"start":{"line":115,"column":20},"end":{"line":115,"column":65}},"60":{"start":{"line":117,"column":16},"end":{"line":117,"column":75}},"61":{"start":{"line":118,"column":16},"end":{"line":118,"column":80}},"62":{"start":{"line":122,"column":8},"end":{"line":123,"column":25}},"63":{"start":{"line":123,"column":12},"end":{"line":123,"column":25}},"64":{"start":{"line":127,"column":4},"end":{"line":144,"column":5}},"65":{"start":{"line":128,"column":8},"end":{"line":143,"column":19}},"66":{"start":{"line":129,"column":12},"end":{"line":137,"column":14}},"67":{"start":{"line":130,"column":16},"end":{"line":136,"column":19}},"68":{"start":{"line":131,"column":20},"end":{"line":131,"column":44}},"69":{"start":{"line":132,"column":20},"end":{"line":132,"column":78}},"70":{"start":{"line":134,"column":20},"end":{"line":134,"column":56}},"71":{"start":{"line":135,"column":20},"end":{"line":135,"column":44}},"72":{"start":{"line":140,"column":12},"end":{"line":142,"column":15}},"73":{"start":{"line":141,"column":16},"end":{"line":141,"column":42}}},"branchMap":{"1":{"line":46,"type":"switch","locations":[{"start":{"line":48,"column":12},"end":{"line":55,"column":45}},{"start":{"line":57,"column":12},"end":{"line":67,"column":81}},{"start":{"line":69,"column":12},"end":{"line":72,"column":103}}]},"2":{"line":80,"type":"if","locations":[{"start":{"line":80,"column":8},"end":{"line":80,"column":8}},{"start":{"line":80,"column":8},"end":{"line":80,"column":8}}]},"3":{"line":87,"type":"if","locations":[{"start":{"line":87,"column":8},"end":{"line":87,"column":8}},{"start":{"line":87,"column":8},"end":{"line":87,"column":8}}]},"4":{"line":90,"type":"if","locations":[{"start":{"line":90,"column":13},"end":{"line":90,"column":13}},{"start":{"line":90,"column":13},"end":{"line":90,"column":13}}]},"5":{"line":93,"type":"if","locations":[{"start":{"line":93,"column":13},"end":{"line":93,"column":13}},{"start":{"line":93,"column":13},"end":{"line":93,"column":13}}]},"6":{"line":100,"type":"if","locations":[{"start":{"line":100,"column":8},"end":{"line":100,"column":8}},{"start":{"line":100,"column":8},"end":{"line":100,"column":8}}]},"7":{"line":101,"type":"if","locations":[{"start":{"line":101,"column":12},"end":{"line":101,"column":12}},{"start":{"line":101,"column":12},"end":{"line":101,"column":12}}]},"8":{"line":103,"type":"if","locations":[{"start":{"line":103,"column":17},"end":{"line":103,"column":17}},{"start":{"line":103,"column":17},"end":{"line":103,"column":17}}]},"9":{"line":107,"type":"if","locations":[{"start":{"line":107,"column":16},"end":{"line":107,"column":16}},{"start":{"line":107,"column":16},"end":{"line":107,"column":16}}]},"10":{"line":111,"type":"if","locations":[{"start":{"line":111,"column":16},"end":{"line":111,"column":16}},{"start":{"line":111,"column":16},"end":{"line":111,"column":16}}]},"11":{"line":114,"type":"if","locations":[{"start":{"line":114,"column":16},"end":{"line":114,"column":16}},{"start":{"line":114,"column":16},"end":{"line":114,"column":16}}]},"12":{"line":122,"type":"if","locations":[{"start":{"line":122,"column":8},"end":{"line":122,"column":8}},{"start":{"line":122,"column":8},"end":{"line":122,"column":8}}]},"13":{"line":127,"type":"if","locations":[{"start":{"line":127,"column":4},"end":{"line":127,"column":4}},{"start":{"line":127,"column":4},"end":{"line":127,"column":4}}]},"14":{"line":132,"type":"cond-expr","locations":[{"start":{"line":132,"column":53},"end":{"line":132,"column":64}},{"start":{"line":132,"column":67},"end":{"line":132,"column":77}}]}}},"src\\js\\lorem.js":{"path":"src\\js\\lorem.js","s":{"1":1,"2":0,"3":0,"4":0,"5":1,"6":1,"7":1,"8":1,"9":1,"10":0,"11":1,"12":0,"13":0,"14":0,"15":0,"16":0,"17":0,"18":0,"19":0,"20":0,"21":0,"22":0,"23":0,"24":0,"25":0,"26":0,"27":0,"28":0,"29":1,"30":0,"31":0,"32":0,"33":0,"34":0,"35":0,"36":0,"37":0,"38":0,"39":0,"40":0,"41":0,"42":0,"43":0,"44":0,"45":0,"46":0,"47":0,"48":0,"49":0,"50":0,"51":0,"52":0,"53":0,"54":0,"55":0,"56":0,"57":0,"58":0,"59":0,"60":0,"61":1,"62":0,"63":0,"64":0,"65":0,"66":0,"67":0,"68":0,"69":0,"70":0},"b":{"1":[0,0,0],"2":[0,0],"3":[0,0],"4":[0,0],"5":[0,0],"6":[0,0],"7":[0,0],"8":[0,0],"9":[0,0],"10":[0,0],"11":[0,0],"12":[0,0],"13":[0,1],"14":[0,0]},"f":{"1":0,"2":0,"3":0,"4":0,"5":0,"6":0,"7":0,"8":0},"fnMap":{"1":{"name":"(anonymous_1)","line":3,"loc":{"start":{"line":3,"column":10},"end":{"line":3,"column":21}}},"2":{"name":"(anonymous_2)","line":31,"loc":{"start":{"line":31,"column":30},"end":{"line":31,"column":50}}},"3":{"name":"(anonymous_3)","line":35,"loc":{"start":{"line":35,"column":31},"end":{"line":35,"column":53}}},"4":{"name":"(anonymous_4)","line":65,"loc":{"start":{"line":65,"column":32},"end":{"line":65,"column":50}}},"5":{"name":"(anonymous_5)","line":118,"loc":{"start":{"line":118,"column":5},"end":{"line":118,"column":17}}},"6":{"name":"(anonymous_6)","line":119,"loc":{"start":{"line":119,"column":19},"end":{"line":119,"column":30}}},"7":{"name":"(anonymous_7)","line":120,"loc":{"start":{"line":120,"column":21},"end":{"line":120,"column":32}}},"8":{"name":"(anonymous_8)","line":130,"loc":{"start":{"line":130,"column":24},"end":{"line":130,"column":35}}}},"statementMap":{"1":{"start":{"line":3,"column":2},"end":{"line":8,"column":6}},"2":{"start":{"line":5,"column":6},"end":{"line":5,"column":23}},"3":{"start":{"line":6,"column":6},"end":{"line":6,"column":24}},"4":{"start":{"line":7,"column":6},"end":{"line":7,"column":23}},"5":{"start":{"line":10,"column":2},"end":{"line":10,"column":18}},"6":{"start":{"line":11,"column":2},"end":{"line":11,"column":17}},"7":{"start":{"line":12,"column":2},"end":{"line":16,"column":4}},"8":{"start":{"line":18,"column":2},"end":{"line":29,"column":4}},"9":{"start":{"line":31,"column":2},"end":{"line":33,"column":4}},"10":{"start":{"line":32,"column":4},"end":{"line":32,"column":61}},"11":{"start":{"line":35,"column":2},"end":{"line":64,"column":4}},"12":{"start":{"line":36,"column":4},"end":{"line":63,"column":5}},"13":{"start":{"line":39,"column":6},"end":{"line":39,"column":26}},"14":{"start":{"line":40,"column":6},"end":{"line":44,"column":7}},"15":{"start":{"line":41,"column":8},"end":{"line":41,"column":53}},"16":{"start":{"line":42,"column":8},"end":{"line":42,"column":78}},"17":{"start":{"line":43,"column":8},"end":{"line":43,"column":48}},"18":{"start":{"line":45,"column":6},"end":{"line":45,"column":35}},"19":{"start":{"line":48,"column":6},"end":{"line":48,"column":25}},"20":{"start":{"line":49,"column":6},"end":{"line":56,"column":7}},"21":{"start":{"line":50,"column":8},"end":{"line":50,"column":51}},"22":{"start":{"line":51,"column":8},"end":{"line":51,"column":80}},"23":{"start":{"line":52,"column":8},"end":{"line":52,"column":76}},"24":{"start":{"line":53,"column":8},"end":{"line":53,"column":39}},"25":{"start":{"line":55,"column":8},"end":{"line":55,"column":33}},"26":{"start":{"line":57,"column":6},"end":{"line":57,"column":71}},"27":{"start":{"line":60,"column":6},"end":{"line":60,"column":72}},"28":{"start":{"line":62,"column":6},"end":{"line":62,"column":93}},"29":{"start":{"line":65,"column":2},"end":{"line":114,"column":10}},"30":{"start":{"line":67,"column":8},"end":{"line":67,"column":23}},"31":{"start":{"line":68,"column":8},"end":{"line":68,"column":24}},"32":{"start":{"line":70,"column":8},"end":{"line":75,"column":9}},"33":{"start":{"line":71,"column":10},"end":{"line":71,"column":64}},"34":{"start":{"line":72,"column":10},"end":{"line":72,"column":86}},"35":{"start":{"line":74,"column":10},"end":{"line":74,"column":39}},"36":{"start":{"line":77,"column":8},"end":{"line":85,"column":9}},"37":{"start":{"line":78,"column":10},"end":{"line":78,"column":38}},"38":{"start":{"line":80,"column":13},"end":{"line":85,"column":9}},"39":{"start":{"line":81,"column":10},"end":{"line":81,"column":37}},"40":{"start":{"line":83,"column":13},"end":{"line":85,"column":9}},"41":{"start":{"line":84,"column":10},"end":{"line":84,"column":33}},"42":{"start":{"line":87,"column":8},"end":{"line":87,"column":49}},"43":{"start":{"line":88,"column":8},"end":{"line":88,"column":32}},"44":{"start":{"line":90,"column":8},"end":{"line":110,"column":11}},"45":{"start":{"line":91,"column":10},"end":{"line":109,"column":13}},"46":{"start":{"line":92,"column":12},"end":{"line":92,"column":39}},"47":{"start":{"line":93,"column":15},"end":{"line":109,"column":13}},"48":{"start":{"line":95,"column":14},"end":{"line":95,"column":28}},"49":{"start":{"line":96,"column":14},"end":{"line":96,"column":50}},"50":{"start":{"line":97,"column":14},"end":{"line":100,"column":15}},"51":{"start":{"line":98,"column":16},"end":{"line":98,"column":29}},"52":{"start":{"line":99,"column":16},"end":{"line":99,"column":32}},"53":{"start":{"line":101,"column":14},"end":{"line":102,"column":60}},"54":{"start":{"line":102,"column":16},"end":{"line":102,"column":60}},"55":{"start":{"line":104,"column":14},"end":{"line":105,"column":61}},"56":{"start":{"line":105,"column":16},"end":{"line":105,"column":61}},"57":{"start":{"line":107,"column":14},"end":{"line":107,"column":73}},"58":{"start":{"line":108,"column":14},"end":{"line":108,"column":78}},"59":{"start":{"line":112,"column":10},"end":{"line":113,"column":25}},"60":{"start":{"line":113,"column":12},"end":{"line":113,"column":25}},"61":{"start":{"line":117,"column":2},"end":{"line":134,"column":3}},"62":{"start":{"line":118,"column":4},"end":{"line":133,"column":15}},"63":{"start":{"line":119,"column":6},"end":{"line":127,"column":8}},"64":{"start":{"line":120,"column":8},"end":{"line":126,"column":11}},"65":{"start":{"line":121,"column":10},"end":{"line":121,"column":34}},"66":{"start":{"line":122,"column":10},"end":{"line":122,"column":68}},"67":{"start":{"line":124,"column":10},"end":{"line":124,"column":46}},"68":{"start":{"line":125,"column":10},"end":{"line":125,"column":34}},"69":{"start":{"line":130,"column":6},"end":{"line":132,"column":9}},"70":{"start":{"line":131,"column":8},"end":{"line":131,"column":34}}},"branchMap":{"1":{"line":36,"type":"switch","locations":[{"start":{"line":38,"column":6},"end":{"line":45,"column":35}},{"start":{"line":47,"column":6},"end":{"line":57,"column":71}},{"start":{"line":59,"column":6},"end":{"line":62,"column":93}}]},"2":{"line":70,"type":"if","locations":[{"start":{"line":70,"column":8},"end":{"line":70,"column":8}},{"start":{"line":70,"column":8},"end":{"line":70,"column":8}}]},"3":{"line":77,"type":"if","locations":[{"start":{"line":77,"column":8},"end":{"line":77,"column":8}},{"start":{"line":77,"column":8},"end":{"line":77,"column":8}}]},"4":{"line":80,"type":"if","locations":[{"start":{"line":80,"column":13},"end":{"line":80,"column":13}},{"start":{"line":80,"column":13},"end":{"line":80,"column":13}}]},"5":{"line":83,"type":"if","locations":[{"start":{"line":83,"column":13},"end":{"line":83,"column":13}},{"start":{"line":83,"column":13},"end":{"line":83,"column":13}}]},"6":{"line":90,"type":"if","locations":[{"start":{"line":90,"column":8},"end":{"line":90,"column":8}},{"start":{"line":90,"column":8},"end":{"line":90,"column":8}}]},"7":{"line":91,"type":"if","locations":[{"start":{"line":91,"column":10},"end":{"line":91,"column":10}},{"start":{"line":91,"column":10},"end":{"line":91,"column":10}}]},"8":{"line":93,"type":"if","locations":[{"start":{"line":93,"column":15},"end":{"line":93,"column":15}},{"start":{"line":93,"column":15},"end":{"line":93,"column":15}}]},"9":{"line":97,"type":"if","locations":[{"start":{"line":97,"column":14},"end":{"line":97,"column":14}},{"start":{"line":97,"column":14},"end":{"line":97,"column":14}}]},"10":{"line":101,"type":"if","locations":[{"start":{"line":101,"column":14},"end":{"line":101,"column":14}},{"start":{"line":101,"column":14},"end":{"line":101,"column":14}}]},"11":{"line":104,"type":"if","locations":[{"start":{"line":104,"column":14},"end":{"line":104,"column":14}},{"start":{"line":104,"column":14},"end":{"line":104,"column":14}}]},"12":{"line":112,"type":"if","locations":[{"start":{"line":112,"column":10},"end":{"line":112,"column":10}},{"start":{"line":112,"column":10},"end":{"line":112,"column":10}}]},"13":{"line":117,"type":"if","locations":[{"start":{"line":117,"column":2},"end":{"line":117,"column":2}},{"start":{"line":117,"column":2},"end":{"line":117,"column":2}}]},"14":{"line":122,"type":"cond-expr","locations":[{"start":{"line":122,"column":43},"end":{"line":122,"column":54}},{"start":{"line":122,"column":57},"end":{"line":122,"column":67}}]}}}}