{"src\\js\\concat\\lego-ipsum.js":{"path":"src\\js\\concat\\lego-ipsum.js","s":{"1":1,"2":1,"3":1,"4":0,"5":0,"6":0,"7":1,"8":1,"9":1,"10":1,"11":1,"12":0,"13":0,"14":0,"15":0,"16":0,"17":0,"18":0,"19":0,"20":0,"21":0,"22":0,"23":0,"24":0,"25":0,"26":0,"27":0,"28":0,"29":0,"30":0,"31":0,"32":0,"33":0,"34":0,"35":0,"36":0,"37":0,"38":0,"39":0,"40":0,"41":0,"42":0,"43":1,"44":0,"45":0,"46":0,"47":0,"48":0,"49":0,"50":0,"51":0,"52":0,"53":0,"54":0,"55":0,"56":0,"57":0,"58":0,"59":0,"60":0,"61":1,"62":0,"63":0,"64":0,"65":0,"66":0,"67":0,"68":0,"69":0,"70":0,"71":1,"72":0},"b":{"1":[0,0],"2":[0,0],"3":[0,0],"4":[0,0],"5":[0,0],"6":[0,0],"7":[0,0],"8":[0,0],"9":[0,0],"10":[0,0],"11":[0,0],"12":[0,0,0],"13":[0,1],"14":[0,0]},"f":{"1":1,"2":0,"3":0,"4":0,"5":0,"6":0,"7":0,"8":0,"9":0},"fnMap":{"1":{"name":"(anonymous_1)","line":5,"loc":{"start":{"line":5,"column":2},"end":{"line":5,"column":13}}},"2":{"name":"(anonymous_2)","line":11,"loc":{"start":{"line":11,"column":14},"end":{"line":11,"column":26}}},"3":{"name":"(anonymous_3)","line":39,"loc":{"start":{"line":39,"column":40},"end":{"line":39,"column":58}}},"4":{"name":"(anonymous_4)","line":102,"loc":{"start":{"line":102,"column":35},"end":{"line":102,"column":57}}},"5":{"name":"(anonymous_5)","line":147,"loc":{"start":{"line":147,"column":5},"end":{"line":147,"column":17}}},"6":{"name":"(anonymous_6)","line":149,"loc":{"start":{"line":149,"column":23},"end":{"line":149,"column":34}}},"7":{"name":"(anonymous_7)","line":151,"loc":{"start":{"line":151,"column":21},"end":{"line":151,"column":32}}},"8":{"name":"(anonymous_8)","line":160,"loc":{"start":{"line":160,"column":24},"end":{"line":160,"column":35}}},"9":{"name":"(anonymous_9)","line":169,"loc":{"start":{"line":169,"column":34},"end":{"line":169,"column":53}}}},"statementMap":{"1":{"start":{"line":4,"column":0},"end":{"line":4,"column":14}},"2":{"start":{"line":5,"column":1},"end":{"line":173,"column":5}},"3":{"start":{"line":11,"column":2},"end":{"line":18,"column":4}},"4":{"start":{"line":14,"column":4},"end":{"line":14,"column":21}},"5":{"start":{"line":15,"column":4},"end":{"line":15,"column":22}},"6":{"start":{"line":16,"column":4},"end":{"line":16,"column":21}},"7":{"start":{"line":23,"column":2},"end":{"line":23,"column":22}},"8":{"start":{"line":25,"column":2},"end":{"line":25,"column":21}},"9":{"start":{"line":27,"column":2},"end":{"line":31,"column":4}},"10":{"start":{"line":35,"column":2},"end":{"line":36,"column":4}},"11":{"start":{"line":39,"column":2},"end":{"line":99,"column":4}},"12":{"start":{"line":41,"column":4},"end":{"line":41,"column":19}},"13":{"start":{"line":42,"column":4},"end":{"line":42,"column":20}},"14":{"start":{"line":44,"column":4},"end":{"line":50,"column":5}},"15":{"start":{"line":45,"column":6},"end":{"line":45,"column":60}},"16":{"start":{"line":46,"column":6},"end":{"line":46,"column":82}},"17":{"start":{"line":49,"column":6},"end":{"line":49,"column":35}},"18":{"start":{"line":52,"column":4},"end":{"line":60,"column":5}},"19":{"start":{"line":53,"column":6},"end":{"line":53,"column":38}},"20":{"start":{"line":55,"column":9},"end":{"line":60,"column":5}},"21":{"start":{"line":56,"column":6},"end":{"line":56,"column":37}},"22":{"start":{"line":58,"column":9},"end":{"line":60,"column":5}},"23":{"start":{"line":59,"column":6},"end":{"line":59,"column":33}},"24":{"start":{"line":62,"column":4},"end":{"line":62,"column":45}},"25":{"start":{"line":63,"column":4},"end":{"line":63,"column":28}},"26":{"start":{"line":65,"column":4},"end":{"line":93,"column":5}},"27":{"start":{"line":67,"column":6},"end":{"line":92,"column":7}},"28":{"start":{"line":68,"column":8},"end":{"line":68,"column":35}},"29":{"start":{"line":70,"column":11},"end":{"line":92,"column":7}},"30":{"start":{"line":73,"column":8},"end":{"line":73,"column":22}},"31":{"start":{"line":74,"column":8},"end":{"line":74,"column":44}},"32":{"start":{"line":76,"column":8},"end":{"line":79,"column":9}},"33":{"start":{"line":77,"column":10},"end":{"line":77,"column":23}},"34":{"start":{"line":78,"column":10},"end":{"line":78,"column":26}},"35":{"start":{"line":81,"column":8},"end":{"line":83,"column":9}},"36":{"start":{"line":82,"column":10},"end":{"line":82,"column":54}},"37":{"start":{"line":85,"column":8},"end":{"line":87,"column":9}},"38":{"start":{"line":86,"column":10},"end":{"line":86,"column":55}},"39":{"start":{"line":89,"column":8},"end":{"line":89,"column":67}},"40":{"start":{"line":90,"column":8},"end":{"line":90,"column":72}},"41":{"start":{"line":95,"column":4},"end":{"line":97,"column":5}},"42":{"start":{"line":96,"column":6},"end":{"line":96,"column":19}},"43":{"start":{"line":102,"column":2},"end":{"line":142,"column":4}},"44":{"start":{"line":104,"column":4},"end":{"line":140,"column":5}},"45":{"start":{"line":109,"column":8},"end":{"line":109,"column":28}},"46":{"start":{"line":111,"column":8},"end":{"line":115,"column":9}},"47":{"start":{"line":112,"column":10},"end":{"line":112,"column":55}},"48":{"start":{"line":113,"column":10},"end":{"line":113,"column":84}},"49":{"start":{"line":114,"column":10},"end":{"line":114,"column":50}},"50":{"start":{"line":117,"column":8},"end":{"line":117,"column":37}},"51":{"start":{"line":122,"column":8},"end":{"line":122,"column":27}},"52":{"start":{"line":124,"column":8},"end":{"line":130,"column":9}},"53":{"start":{"line":125,"column":10},"end":{"line":125,"column":53}},"54":{"start":{"line":126,"column":10},"end":{"line":126,"column":86}},"55":{"start":{"line":127,"column":10},"end":{"line":127,"column":78}},"56":{"start":{"line":128,"column":10},"end":{"line":128,"column":41}},"57":{"start":{"line":129,"column":10},"end":{"line":129,"column":35}},"58":{"start":{"line":132,"column":8},"end":{"line":132,"column":73}},"59":{"start":{"line":137,"column":8},"end":{"line":137,"column":78}},"60":{"start":{"line":138,"column":8},"end":{"line":138,"column":99}},"61":{"start":{"line":145,"column":2},"end":{"line":166,"column":3}},"62":{"start":{"line":147,"column":4},"end":{"line":164,"column":15}},"63":{"start":{"line":149,"column":6},"end":{"line":158,"column":8}},"64":{"start":{"line":151,"column":8},"end":{"line":156,"column":11}},"65":{"start":{"line":152,"column":10},"end":{"line":152,"column":42}},"66":{"start":{"line":153,"column":10},"end":{"line":153,"column":80}},"67":{"start":{"line":154,"column":10},"end":{"line":154,"column":49}},"68":{"start":{"line":155,"column":10},"end":{"line":155,"column":42}},"69":{"start":{"line":160,"column":6},"end":{"line":162,"column":9}},"70":{"start":{"line":161,"column":8},"end":{"line":161,"column":33}},"71":{"start":{"line":169,"column":2},"end":{"line":171,"column":4}},"72":{"start":{"line":170,"column":4},"end":{"line":170,"column":61}}},"branchMap":{"1":{"line":44,"type":"if","locations":[{"start":{"line":44,"column":4},"end":{"line":44,"column":4}},{"start":{"line":44,"column":4},"end":{"line":44,"column":4}}]},"2":{"line":52,"type":"if","locations":[{"start":{"line":52,"column":4},"end":{"line":52,"column":4}},{"start":{"line":52,"column":4},"end":{"line":52,"column":4}}]},"3":{"line":55,"type":"if","locations":[{"start":{"line":55,"column":9},"end":{"line":55,"column":9}},{"start":{"line":55,"column":9},"end":{"line":55,"column":9}}]},"4":{"line":58,"type":"if","locations":[{"start":{"line":58,"column":9},"end":{"line":58,"column":9}},{"start":{"line":58,"column":9},"end":{"line":58,"column":9}}]},"5":{"line":65,"type":"if","locations":[{"start":{"line":65,"column":4},"end":{"line":65,"column":4}},{"start":{"line":65,"column":4},"end":{"line":65,"column":4}}]},"6":{"line":67,"type":"if","locations":[{"start":{"line":67,"column":6},"end":{"line":67,"column":6}},{"start":{"line":67,"column":6},"end":{"line":67,"column":6}}]},"7":{"line":70,"type":"if","locations":[{"start":{"line":70,"column":11},"end":{"line":70,"column":11}},{"start":{"line":70,"column":11},"end":{"line":70,"column":11}}]},"8":{"line":76,"type":"if","locations":[{"start":{"line":76,"column":8},"end":{"line":76,"column":8}},{"start":{"line":76,"column":8},"end":{"line":76,"column":8}}]},"9":{"line":81,"type":"if","locations":[{"start":{"line":81,"column":8},"end":{"line":81,"column":8}},{"start":{"line":81,"column":8},"end":{"line":81,"column":8}}]},"10":{"line":85,"type":"if","locations":[{"start":{"line":85,"column":8},"end":{"line":85,"column":8}},{"start":{"line":85,"column":8},"end":{"line":85,"column":8}}]},"11":{"line":95,"type":"if","locations":[{"start":{"line":95,"column":4},"end":{"line":95,"column":4}},{"start":{"line":95,"column":4},"end":{"line":95,"column":4}}]},"12":{"line":104,"type":"switch","locations":[{"start":{"line":107,"column":6},"end":{"line":117,"column":37}},{"start":{"line":120,"column":6},"end":{"line":132,"column":73}},{"start":{"line":135,"column":6},"end":{"line":138,"column":99}}]},"13":{"line":145,"type":"if","locations":[{"start":{"line":145,"column":2},"end":{"line":145,"column":2}},{"start":{"line":145,"column":2},"end":{"line":145,"column":2}}]},"14":{"line":153,"type":"cond-expr","locations":[{"start":{"line":153,"column":47},"end":{"line":153,"column":62}},{"start":{"line":153,"column":65},"end":{"line":153,"column":79}}]}}},"src\\js\\constructor.js":{"path":"src\\js\\constructor.js","s":{"1":1,"2":0,"3":0,"4":0},"b":{},"f":{"1":0},"fnMap":{"1":{"name":"(anonymous_1)","line":3,"loc":{"start":{"line":3,"column":14},"end":{"line":3,"column":26}}}},"statementMap":{"1":{"start":{"line":3,"column":2},"end":{"line":10,"column":4}},"2":{"start":{"line":6,"column":4},"end":{"line":6,"column":21}},"3":{"start":{"line":7,"column":4},"end":{"line":7,"column":22}},"4":{"start":{"line":8,"column":4},"end":{"line":8,"column":21}}},"branchMap":{}},"src\\js\\createLegoIpsum.js":{"path":"src\\js\\createLegoIpsum.js","s":{"1":1,"2":0,"3":0,"4":0,"5":0,"6":0,"7":0,"8":0,"9":0,"10":0,"11":0,"12":0,"13":0,"14":0,"15":0,"16":0,"17":0,"18":0,"19":0,"20":0,"21":0,"22":0,"23":0,"24":0,"25":0,"26":0,"27":0,"28":0,"29":0,"30":0,"31":0,"32":0},"b":{"1":[0,0],"2":[0,0],"3":[0,0],"4":[0,0],"5":[0,0],"6":[0,0],"7":[0,0],"8":[0,0],"9":[0,0],"10":[0,0],"11":[0,0]},"f":{"1":0},"fnMap":{"1":{"name":"(anonymous_1)","line":3,"loc":{"start":{"line":3,"column":40},"end":{"line":3,"column":58}}}},"statementMap":{"1":{"start":{"line":3,"column":2},"end":{"line":63,"column":4}},"2":{"start":{"line":5,"column":4},"end":{"line":5,"column":19}},"3":{"start":{"line":6,"column":4},"end":{"line":6,"column":20}},"4":{"start":{"line":8,"column":4},"end":{"line":14,"column":5}},"5":{"start":{"line":9,"column":6},"end":{"line":9,"column":60}},"6":{"start":{"line":10,"column":6},"end":{"line":10,"column":82}},"7":{"start":{"line":13,"column":6},"end":{"line":13,"column":35}},"8":{"start":{"line":16,"column":4},"end":{"line":24,"column":5}},"9":{"start":{"line":17,"column":6},"end":{"line":17,"column":38}},"10":{"start":{"line":19,"column":9},"end":{"line":24,"column":5}},"11":{"start":{"line":20,"column":6},"end":{"line":20,"column":37}},"12":{"start":{"line":22,"column":9},"end":{"line":24,"column":5}},"13":{"start":{"line":23,"column":6},"end":{"line":23,"column":33}},"14":{"start":{"line":26,"column":4},"end":{"line":26,"column":45}},"15":{"start":{"line":27,"column":4},"end":{"line":27,"column":28}},"16":{"start":{"line":29,"column":4},"end":{"line":57,"column":5}},"17":{"start":{"line":31,"column":6},"end":{"line":56,"column":7}},"18":{"start":{"line":32,"column":8},"end":{"line":32,"column":35}},"19":{"start":{"line":34,"column":11},"end":{"line":56,"column":7}},"20":{"start":{"line":37,"column":8},"end":{"line":37,"column":22}},"21":{"start":{"line":38,"column":8},"end":{"line":38,"column":44}},"22":{"start":{"line":40,"column":8},"end":{"line":43,"column":9}},"23":{"start":{"line":41,"column":10},"end":{"line":41,"column":23}},"24":{"start":{"line":42,"column":10},"end":{"line":42,"column":26}},"25":{"start":{"line":45,"column":8},"end":{"line":47,"column":9}},"26":{"start":{"line":46,"column":10},"end":{"line":46,"column":54}},"27":{"start":{"line":49,"column":8},"end":{"line":51,"column":9}},"28":{"start":{"line":50,"column":10},"end":{"line":50,"column":55}},"29":{"start":{"line":53,"column":8},"end":{"line":53,"column":67}},"30":{"start":{"line":54,"column":8},"end":{"line":54,"column":72}},"31":{"start":{"line":59,"column":4},"end":{"line":61,"column":5}},"32":{"start":{"line":60,"column":6},"end":{"line":60,"column":19}}},"branchMap":{"1":{"line":8,"type":"if","locations":[{"start":{"line":8,"column":4},"end":{"line":8,"column":4}},{"start":{"line":8,"column":4},"end":{"line":8,"column":4}}]},"2":{"line":16,"type":"if","locations":[{"start":{"line":16,"column":4},"end":{"line":16,"column":4}},{"start":{"line":16,"column":4},"end":{"line":16,"column":4}}]},"3":{"line":19,"type":"if","locations":[{"start":{"line":19,"column":9},"end":{"line":19,"column":9}},{"start":{"line":19,"column":9},"end":{"line":19,"column":9}}]},"4":{"line":22,"type":"if","locations":[{"start":{"line":22,"column":9},"end":{"line":22,"column":9}},{"start":{"line":22,"column":9},"end":{"line":22,"column":9}}]},"5":{"line":29,"type":"if","locations":[{"start":{"line":29,"column":4},"end":{"line":29,"column":4}},{"start":{"line":29,"column":4},"end":{"line":29,"column":4}}]},"6":{"line":31,"type":"if","locations":[{"start":{"line":31,"column":6},"end":{"line":31,"column":6}},{"start":{"line":31,"column":6},"end":{"line":31,"column":6}}]},"7":{"line":34,"type":"if","locations":[{"start":{"line":34,"column":11},"end":{"line":34,"column":11}},{"start":{"line":34,"column":11},"end":{"line":34,"column":11}}]},"8":{"line":40,"type":"if","locations":[{"start":{"line":40,"column":8},"end":{"line":40,"column":8}},{"start":{"line":40,"column":8},"end":{"line":40,"column":8}}]},"9":{"line":45,"type":"if","locations":[{"start":{"line":45,"column":8},"end":{"line":45,"column":8}},{"start":{"line":45,"column":8},"end":{"line":45,"column":8}}]},"10":{"line":49,"type":"if","locations":[{"start":{"line":49,"column":8},"end":{"line":49,"column":8}},{"start":{"line":49,"column":8},"end":{"line":49,"column":8}}]},"11":{"line":59,"type":"if","locations":[{"start":{"line":59,"column":4},"end":{"line":59,"column":4}},{"start":{"line":59,"column":4},"end":{"line":59,"column":4}}]}}},"src\\js\\createText.js":{"path":"src\\js\\createText.js","s":{"1":1,"2":0,"3":0,"4":0,"5":0,"6":0,"7":0,"8":0,"9":0,"10":0,"11":0,"12":0,"13":0,"14":0,"15":0,"16":0,"17":0,"18":0},"b":{"1":[0,0,0]},"f":{"1":0},"fnMap":{"1":{"name":"(anonymous_1)","line":3,"loc":{"start":{"line":3,"column":35},"end":{"line":3,"column":57}}}},"statementMap":{"1":{"start":{"line":3,"column":2},"end":{"line":43,"column":4}},"2":{"start":{"line":5,"column":4},"end":{"line":41,"column":5}},"3":{"start":{"line":10,"column":8},"end":{"line":10,"column":28}},"4":{"start":{"line":12,"column":8},"end":{"line":16,"column":9}},"5":{"start":{"line":13,"column":10},"end":{"line":13,"column":55}},"6":{"start":{"line":14,"column":10},"end":{"line":14,"column":84}},"7":{"start":{"line":15,"column":10},"end":{"line":15,"column":50}},"8":{"start":{"line":18,"column":8},"end":{"line":18,"column":37}},"9":{"start":{"line":23,"column":8},"end":{"line":23,"column":27}},"10":{"start":{"line":25,"column":8},"end":{"line":31,"column":9}},"11":{"start":{"line":26,"column":10},"end":{"line":26,"column":53}},"12":{"start":{"line":27,"column":10},"end":{"line":27,"column":86}},"13":{"start":{"line":28,"column":10},"end":{"line":28,"column":78}},"14":{"start":{"line":29,"column":10},"end":{"line":29,"column":41}},"15":{"start":{"line":30,"column":10},"end":{"line":30,"column":35}},"16":{"start":{"line":33,"column":8},"end":{"line":33,"column":73}},"17":{"start":{"line":38,"column":8},"end":{"line":38,"column":78}},"18":{"start":{"line":39,"column":8},"end":{"line":39,"column":99}}},"branchMap":{"1":{"line":5,"type":"switch","locations":[{"start":{"line":8,"column":6},"end":{"line":18,"column":37}},{"start":{"line":21,"column":6},"end":{"line":33,"column":73}},{"start":{"line":36,"column":6},"end":{"line":39,"column":99}}]}}},"src\\js\\jQuery.js":{"path":"src\\js\\jQuery.js","s":{"1":1,"2":0,"3":0,"4":0,"5":0,"6":0,"7":0,"8":0,"9":0,"10":0},"b":{"1":[0,1],"2":[0,0]},"f":{"1":0,"2":0,"3":0,"4":0},"fnMap":{"1":{"name":"(anonymous_1)","line":5,"loc":{"start":{"line":5,"column":5},"end":{"line":5,"column":17}}},"2":{"name":"(anonymous_2)","line":7,"loc":{"start":{"line":7,"column":23},"end":{"line":7,"column":34}}},"3":{"name":"(anonymous_3)","line":9,"loc":{"start":{"line":9,"column":21},"end":{"line":9,"column":32}}},"4":{"name":"(anonymous_4)","line":18,"loc":{"start":{"line":18,"column":24},"end":{"line":18,"column":35}}}},"statementMap":{"1":{"start":{"line":3,"column":2},"end":{"line":24,"column":3}},"2":{"start":{"line":5,"column":4},"end":{"line":22,"column":15}},"3":{"start":{"line":7,"column":6},"end":{"line":16,"column":8}},"4":{"start":{"line":9,"column":8},"end":{"line":14,"column":11}},"5":{"start":{"line":10,"column":10},"end":{"line":10,"column":42}},"6":{"start":{"line":11,"column":10},"end":{"line":11,"column":80}},"7":{"start":{"line":12,"column":10},"end":{"line":12,"column":49}},"8":{"start":{"line":13,"column":10},"end":{"line":13,"column":42}},"9":{"start":{"line":18,"column":6},"end":{"line":20,"column":9}},"10":{"start":{"line":19,"column":8},"end":{"line":19,"column":33}}},"branchMap":{"1":{"line":3,"type":"if","locations":[{"start":{"line":3,"column":2},"end":{"line":3,"column":2}},{"start":{"line":3,"column":2},"end":{"line":3,"column":2}}]},"2":{"line":11,"type":"cond-expr","locations":[{"start":{"line":11,"column":47},"end":{"line":11,"column":62}},{"start":{"line":11,"column":65},"end":{"line":11,"column":79}}]}}},"src\\js\\randomInt.js":{"path":"src\\js\\randomInt.js","s":{"1":1,"2":0},"b":{},"f":{"1":0},"fnMap":{"1":{"name":"(anonymous_1)","line":3,"loc":{"start":{"line":3,"column":34},"end":{"line":3,"column":53}}}},"statementMap":{"1":{"start":{"line":3,"column":2},"end":{"line":5,"column":4}},"2":{"start":{"line":4,"column":4},"end":{"line":4,"column":61}}},"branchMap":{}},"src\\js\\static.js":{"path":"src\\js\\static.js","s":{"1":1,"2":1,"3":1},"b":{},"f":{},"fnMap":{},"statementMap":{"1":{"start":{"line":4,"column":2},"end":{"line":4,"column":22}},"2":{"start":{"line":6,"column":2},"end":{"line":6,"column":21}},"3":{"start":{"line":8,"column":2},"end":{"line":12,"column":4}}},"branchMap":{}},"src\\js\\words.js":{"path":"src\\js\\words.js","s":{"1":1},"b":{},"f":{},"fnMap":{},"statementMap":{"1":{"start":{"line":3,"column":2},"end":{"line":4,"column":4}}},"branchMap":{}}}